C51 COMPILER V9.60.7.0   LED_SHOW                                                          09/24/2024 18:28:04 PAGE 1   


C51 COMPILER V9.60.7.0, COMPILATION OF MODULE LED_SHOW
OBJECT MODULE PLACED IN .\Objects\led_show.obj
COMPILER INVOKED BY: D:\Program Files\Keil5\C51\BIN\C51.EXE led_show.c OPTIMIZE(8,SPEED) BROWSE DEBUG OBJECTEXTEND PRINT
                    -(.\Listings\led_show.lst) TABS(2) OBJECT(.\Objects\led_show.obj)

line level    source

   1          #include "global.h"
   2          void led_func(int selected,int *led_count){
   3   1        switch(selected){
   4   2          case 0:       
   5   2            led_single(&led_count);
*** WARNING C182 IN LINE 5 OF led_show.c: pointer to different objects
   6   2            break;
   7   2          case 1:       
   8   2      
   9   2            break;
  10   2          case 2:       
  11   2      
  12   2            break;
  13   2          case 3:
  14   2            break;
  15   2        }
  16   1      }


MODULE INFORMATION:   STATIC OVERLAYABLE
   CODE SIZE        =     22    ----
   CONSTANT SIZE    =   ----    ----
   XDATA SIZE       =   ----    ----
   PDATA SIZE       =   ----    ----
   DATA SIZE        =   ----       3
   IDATA SIZE       =   ----    ----
   BIT SIZE         =   ----    ----
END OF MODULE INFORMATION.


C51 COMPILATION COMPLETE.  1 WARNING(S),  0 ERROR(S)
