C51 COMPILER V9.60.7.0   MAIN                                                              10/03/2024 19:23:41 PAGE 1   


C51 COMPILER V9.60.7.0, COMPILATION OF MODULE MAIN
OBJECT MODULE PLACED IN .\Objects\main.obj
COMPILER INVOKED BY: E:\Program Files\Keil_v5\C51\BIN\C51.EXE main.c OPTIMIZE(8,SPEED) BROWSE DEBUG OBJECTEXTEND PRINT(.
                    -\Listings\main.lst) TABS(2) OBJECT(.\Objects\main.obj)

line level    source

*** WARNING C500 IN LINE 1 OF main.c: SERIAL NUMBER EXPIRED
   1          #include "global.h"
   2          
   3          void main(void)
   4          {
   5   1        int led_count = 0;
   6   1        int count = 50;
   7   1        int selected = 0;
   8   1        int sensor_switch = 0;
   9   1        u16 frequency = 100;
  10   1        P0M1 = 0; P0M0 = 0; //设置为准双向口
  11   1        P1M1 = 0; P1M0 = 0; //设置为准双向口
  12   1        P2M1 = 0; P2M0 = 0; //设置为准双向口
  13   1        P3M1 = 0; P3M0 = 0; //设置为准双向口
  14   1        P4M1 = 0; P4M0 = 0; //设置为准双向口
  15   1        P5M1 = 0; P5M0 = 0; //设置为准双向口
  16   1        P6M1 = 0; P6M0 = 0; //设置为准双向口 
  17   1        P7M1 = 0; P7M0 = 0; //设置为准双向口
  18   1        delay_ms(100);
  19   1        LCDInit(); //LCM初始化
  20   1        OLED_Init();      //初始化OLED  
  21   1        OLED_Clear();
  22   1        LCDClear();
  23   1        while(1){
  24   2          sensor(sensor_switch,&led_count,frequency,&count);
  25   2          OLED_Main(sensor_switch,frequency);
  26   2          choose(&selected);
  27   2          lcd_mainUI(selected);
  28   2          if(confirm == 0){
  29   3            LCDClear();
  30   3            OLED_Clear();
  31   3            if(selected != 3)
  32   3              OLED_Show(count);
  33   3            delay_ms(100);  
  34   3            while(cancel == 1){
  35   4              lcd_func(selected,&sensor_switch,&frequency);
  36   4              if(confirm == 0){
  37   5                led_func(selected,&led_count,&count,frequency);
  38   5              }
  39   4            }
  40   3            OLED_Clear();
  41   3          }
  42   2        }
  43   1      }
  44          
  45          
  46          void choose(int *sel){
  47   1        if(up == 0 && (*sel) != 0){
  48   2            (*sel)--;
  49   2            LCDClear();
  50   2          }
  51   1          else if(down == 0 && (*sel) != 3){
  52   2            (*sel)++; 
  53   2            LCDClear();
C51 COMPILER V9.60.7.0   MAIN                                                              10/03/2024 19:23:41 PAGE 2   

  54   2          }
  55   1      }


MODULE INFORMATION:   STATIC OVERLAYABLE
   CODE SIZE        =    274    ----
   CONSTANT SIZE    =   ----    ----
   XDATA SIZE       =   ----    ----
   PDATA SIZE       =   ----    ----
   DATA SIZE        =   ----      13
   IDATA SIZE       =   ----    ----
   BIT SIZE         =   ----    ----
END OF MODULE INFORMATION.


C51 COMPILATION COMPLETE.  1 WARNING(S),  0 ERROR(S)
