C51 COMPILER V9.60.7.0   OLED_SHOW                                                         10/03/2024 19:23:41 PAGE 1   


C51 COMPILER V9.60.7.0, COMPILATION OF MODULE OLED_SHOW
OBJECT MODULE PLACED IN .\Objects\oled_show.obj
COMPILER INVOKED BY: E:\Program Files\Keil_v5\C51\BIN\C51.EXE oled_show.c OPTIMIZE(8,SPEED) BROWSE DEBUG OBJECTEXTEND PR
                    -INT(.\Listings\oled_show.lst) TABS(2) OBJECT(.\Objects\oled_show.obj)

line level    source

*** WARNING C500 IN LINE 1 OF oled_show.c: SERIAL NUMBER EXPIRED
   1          #include "global.h"
   2          
   3          void OLED_Main(int _switch,u16 freq){
   4   1        u8 t,p,w,h;
   5   1        t='0'+freq/1000;
   6   1        freq=freq%1000;
   7   1        p='0'+freq/100;
   8   1        freq=freq%100;
   9   1        w='0'+freq/10;
  10   1        h='0'+freq%10;
  11   1        OLED_ShowCHinese(0,2,20);//传
  12   1        OLED_ShowCHinese(18,2,21);//感
  13   1        OLED_ShowCHinese(36,2,22);//器
  14   1        OLED_ShowCHinese(54,2,23);//已
  15   1        if(_switch == 0){
  16   2          OLED_ShowCHinese(72,2,8);//开
  17   2          OLED_ShowCHinese(90,2,24);//启
  18   2        }else if(_switch == 1){
  19   2          OLED_ShowCHinese(72,2,9);//关
  20   2          OLED_ShowCHinese(90,2,25);//闭
  21   2        }
  22   1        OLED_ShowCHinese(0,0,10);//发
  23   1        OLED_ShowCHinese(18,0,11);//射
  24   1        OLED_ShowCHinese(36,0,12);//频
  25   1        OLED_ShowCHinese(54,0,13);//率
  26   1        OLED_ShowChar(72,0,':',16);//:
  27   1        OLED_ShowChar(80,0,t,16);
  28   1        OLED_ShowChar(88,0,p,16);
  29   1        OLED_ShowChar(96,0,w,16);
  30   1        OLED_ShowChar(104,0,h,16);
  31   1      }
  32            
  33          void OLED_Show(int count){
  34   1        u8 t,p;
  35   1        t='0'+count/10;
  36   1        p='0'+count%10;
  37   1        OLED_ShowCHinese(0,0,0);//剩
  38   1        OLED_ShowCHinese(18,0,1);//余
  39   1        OLED_ShowCHinese(36,0,2);//弹
  40   1        OLED_ShowCHinese(54,0,3);//药
  41   1        OLED_ShowCHinese(72,0,4);//量
  42   1        OLED_ShowChar(90,0,':',16);//:
  43   1        OLED_ShowChar(18,2,t,16);
  44   1        OLED_ShowChar(26,2,p,16);
  45   1        OLED_ShowString(33,2,"/50",16);
  46   1      }
  47          
  48          /*void OLED_Setting(int *_switch,u16 *freq){
  49            int select=0;
  50            OLED_Clear();
  51            OLED_ShowChar(0,0,'>',16);
  52            while(cancel == 1){
  53              if(up == 0 && select != 0){
C51 COMPILER V9.60.7.0   OLED_SHOW                                                         10/03/2024 19:23:41 PAGE 2   

  54                select--;
  55                OLED_Clear();
  56                OLED_ShowChar(0,0,'>',16);
  57              }
  58              else if(down == 0 && select != 1){
  59                select++; 
  60                OLED_Clear();
  61                OLED_ShowChar(0,2,'>',16);
  62              }
  63              if(select == 0&&confirm == 0){
  64                delay_ms(100);
  65                OLED_Sensor(_switch);
  66                OLED_Clear();
  67                OLED_ShowChar(0,0,'>',16);
  68              }else if(select == 1&&confirm == 0){
  69                delay_ms(100);
  70                OLED_Freq(freq);
  71                OLED_Clear();
  72                OLED_ShowChar(0,0,'>',16);
  73              }
  74                
  75              
  76              OLED_ShowCHinese(10,0,5);//红
  77              OLED_ShowCHinese(28,0,6);//外
  78              OLED_ShowCHinese(46,0,7);//线
  79              OLED_ShowCHinese(64,0,8);//开
  80              OLED_ShowCHinese(82,0,9);//关
  81              OLED_ShowCHinese(10,2,10);//发
  82              OLED_ShowCHinese(28,2,11);//射
  83              OLED_ShowCHinese(46,2,12);//频
  84              OLED_ShowCHinese(64,2,13);//率
  85              OLED_ShowCHinese(82,2,14);//调
  86              OLED_ShowCHinese(100,2,15);//节
  87            }
  88          }
  89          */
  90          void OLED_Sensor(int *_switch){
  91   1        int select=0;
  92   1        OLED_Clear();
  93   1        OLED_ShowChar(0,0,'>',16);
  94   1        while(cancel == 1){
  95   2          if(up == 0 && select != 0){
  96   3            select--;
  97   3            OLED_Clear();
  98   3            OLED_ShowChar(0,0,'>',16);
  99   3          }
 100   2          else if(down == 0 && select != 1){
 101   3            select++; 
 102   3            OLED_Clear();
 103   3            OLED_ShowChar(0,2,'>',16);
 104   3          }
 105   2          OLED_ShowCHinese(28,0,8);//开
 106   2          OLED_ShowCHinese(46,0,24);//启
 107   2          OLED_ShowCHinese(28,2,9);//关
 108   2          OLED_ShowCHinese(46,2,25);//闭
 109   2          if((*_switch) == 0){
 110   3            OLED_ShowChar(90,0,'<',16);
 111   3          }else{
 112   3            OLED_ShowChar(90,2,'<',16);
 113   3          }
 114   2          if(select == 0&&confirm==0){
 115   3            (*_switch)=0;
C51 COMPILER V9.60.7.0   OLED_SHOW                                                         10/03/2024 19:23:41 PAGE 3   

 116   3            delay_ms(100);
 117   3            break;
 118   3          }else if(select == 1&&confirm==0){
 119   3            (*_switch)=1;
 120   3            delay_ms(100);
 121   3            break;
 122   3          }
 123   2        }
 124   1        delay_ms(100);
 125   1      }
 126          
 127          void OLED_Freq(u16 *freq){
 128   1        u8 t,p,w,h;
 129   1        u16 temp;
 130   1        OLED_Clear();
 131   1        while(cancel == 1){
 132   2          temp=(*freq);
 133   2          t='0'+temp/1000;
 134   2          temp=temp%1000;
 135   2          p='0'+temp/100;
 136   2          temp=temp%100;
 137   2          w='0'+temp/10;
 138   2          h='0'+temp%10;
 139   2          OLED_ShowCHinese(28,0,10);//发
 140   2          OLED_ShowCHinese(46,0,11);//射
 141   2          OLED_ShowCHinese(64,0,12);//频
 142   2          OLED_ShowCHinese(82,0,13);//率
 143   2          OLED_ShowChar(43,2,t,16);
 144   2          OLED_ShowChar(51,2,p,16);
 145   2          OLED_ShowChar(59,2,w,16);
 146   2          OLED_ShowChar(67,2,h,16);
 147   2          if(up == 0){
 148   3            (*freq)+=10;
 149   3            delay_ms(100);
 150   3          }else if(down == 0){
 151   3            (*freq)-=10;
 152   3            delay_ms(100);
 153   3          }
 154   2        }
 155   1        delay_ms(100);
 156   1      }


MODULE INFORMATION:   STATIC OVERLAYABLE
   CODE SIZE        =    886    ----
   CONSTANT SIZE    =      4    ----
   XDATA SIZE       =   ----    ----
   PDATA SIZE       =   ----    ----
   DATA SIZE        =   ----      20
   IDATA SIZE       =   ----    ----
   BIT SIZE         =   ----    ----
END OF MODULE INFORMATION.


C51 COMPILATION COMPLETE.  1 WARNING(S),  0 ERROR(S)
