C51 COMPILER V9.60.7.0   SENSOR                                                            10/03/2024 19:23:42 PAGE 1   


C51 COMPILER V9.60.7.0, COMPILATION OF MODULE SENSOR
OBJECT MODULE PLACED IN .\Objects\sensor.obj
COMPILER INVOKED BY: E:\Program Files\Keil_v5\C51\BIN\C51.EXE sensor.c OPTIMIZE(8,SPEED) BROWSE DEBUG OBJECTEXTEND PRINT
                    -(.\Listings\sensor.lst) TABS(2) OBJECT(.\Objects\sensor.obj)

line level    source

*** WARNING C500 IN LINE 1 OF sensor.c: SERIAL NUMBER EXPIRED
   1          #include "global.h"
   2          
   3          void sensor(int _switch,int *led_count,u16 freq,int *count){
   4   1        if(_switch == 0){
   5   2          P20=0;
   6   2          if(P21 == 0){
   7   3            OLED_Clear();
   8   3            OLED_Show(*count);
   9   3            while(cancel == 1){
  10   4              if(P32 == 0){
  11   5                led_single(led_count,freq);
  12   5                (*count)--;
  13   5                OLED_Show(*count);
  14   5              }
  15   4            }
  16   3          }
  17   2        }else if(_switch == 1)
  18   1          P20=1;
  19   1      }


MODULE INFORMATION:   STATIC OVERLAYABLE
   CODE SIZE        =     86    ----
   CONSTANT SIZE    =   ----    ----
   XDATA SIZE       =   ----    ----
   PDATA SIZE       =   ----    ----
   DATA SIZE        =   ----      10
   IDATA SIZE       =   ----    ----
   BIT SIZE         =   ----    ----
END OF MODULE INFORMATION.


C51 COMPILATION COMPLETE.  1 WARNING(S),  0 ERROR(S)
